Tue Oct 15 20:47:18 CEST 2019 : Apache Derby Network Server 10.15.1.3 - (1853019) wurde gestartet und ist bereit, Verbindungen auf Port 1527 zu akzeptieren.
Tue Oct 15 20:48:07 CEST 2019 Thread[DRDAConnThread_2,5,main] (DATABASE = null), (DRDAID = null), Execution failed because of a Distributed Protocol Error:  DRDA_Proto_SYNTAXRM; CODPNT arg  = 0; Error Code Value = 3. Plaintext connection attempt from an SSL enabled client?
Tue Oct 15 20:48:07 CEST 2019 : Execution failed because of a Distributed Protocol Error:  DRDA_Proto_SYNTAXRM; CODPNT arg  = 0; Error Code Value = 3. Plaintext connection attempt from an SSL enabled client?
org.apache.derby.impl.drda.DRDAProtocolException: Execution failed because of a Distributed Protocol Error:  DRDA_Proto_SYNTAXRM; CODPNT arg  = 0; Error Code Value = 3. Plaintext connection attempt from an SSL enabled client?
	at org.apache.derby.impl.drda.DRDAConnThread.throwSyntaxrm(DRDAConnThread.java:533)
	at org.apache.derby.impl.drda.DDMReader.readDssHeader(DDMReader.java:359)
	at org.apache.derby.impl.drda.DRDAConnThread.exchangeServerAttributes(DRDAConnThread.java:1176)
	at org.apache.derby.impl.drda.DRDAConnThread.sessionInitialState(DRDAConnThread.java:684)
	at org.apache.derby.impl.drda.DRDAConnThread.run(DRDAConnThread.java:288)
Tue Oct 15 20:48:07 CEST 2019 Thread[DRDAConnThread_2,5,main] (DATABASE = null), (DRDAID = null), Execution failed because of a Distributed Protocol Error:  DRDA_Proto_SYNTAXRM; CODPNT arg  = 0; Error Code Value = 3. Plaintext connection attempt from an SSL enabled client?
Tue Oct 15 20:48:07 CEST 2019 : Execution failed because of a Distributed Protocol Error:  DRDA_Proto_SYNTAXRM; CODPNT arg  = 0; Error Code Value = 3. Plaintext connection attempt from an SSL enabled client?
org.apache.derby.impl.drda.DRDAProtocolException: Execution failed because of a Distributed Protocol Error:  DRDA_Proto_SYNTAXRM; CODPNT arg  = 0; Error Code Value = 3. Plaintext connection attempt from an SSL enabled client?
	at org.apache.derby.impl.drda.DRDAConnThread.throwSyntaxrm(DRDAConnThread.java:533)
	at org.apache.derby.impl.drda.DDMReader.readDssHeader(DDMReader.java:359)
	at org.apache.derby.impl.drda.DRDAConnThread.exchangeServerAttributes(DRDAConnThread.java:1176)
	at org.apache.derby.impl.drda.DRDAConnThread.sessionInitialState(DRDAConnThread.java:684)
	at org.apache.derby.impl.drda.DRDAConnThread.run(DRDAConnThread.java:288)
Tue Oct 15 20:48:07 CEST 2019 Thread[DRDAConnThread_3,5,main] (DATABASE = null), (DRDAID = null), Execution failed because of a Distributed Protocol Error:  DRDA_Proto_SYNTAXRM; CODPNT arg  = 0; Error Code Value = 3. Plaintext connection attempt from an SSL enabled client?
Tue Oct 15 20:48:07 CEST 2019 : Execution failed because of a Distributed Protocol Error:  DRDA_Proto_SYNTAXRM; CODPNT arg  = 0; Error Code Value = 3. Plaintext connection attempt from an SSL enabled client?
org.apache.derby.impl.drda.DRDAProtocolException: Execution failed because of a Distributed Protocol Error:  DRDA_Proto_SYNTAXRM; CODPNT arg  = 0; Error Code Value = 3. Plaintext connection attempt from an SSL enabled client?
	at org.apache.derby.impl.drda.DRDAConnThread.throwSyntaxrm(DRDAConnThread.java:533)
	at org.apache.derby.impl.drda.DDMReader.readDssHeader(DDMReader.java:359)
	at org.apache.derby.impl.drda.DRDAConnThread.exchangeServerAttributes(DRDAConnThread.java:1176)
	at org.apache.derby.impl.drda.DRDAConnThread.sessionInitialState(DRDAConnThread.java:684)
	at org.apache.derby.impl.drda.DRDAConnThread.run(DRDAConnThread.java:288)
Tue Oct 15 20:48:07 CEST 2019 Thread[DRDAConnThread_3,5,main] (DATABASE = null), (DRDAID = null), Execution failed because of a Distributed Protocol Error:  DRDA_Proto_SYNTAXRM; CODPNT arg  = 0; Error Code Value = 3. Plaintext connection attempt from an SSL enabled client?
Tue Oct 15 20:48:07 CEST 2019 : Execution failed because of a Distributed Protocol Error:  DRDA_Proto_SYNTAXRM; CODPNT arg  = 0; Error Code Value = 3. Plaintext connection attempt from an SSL enabled client?
org.apache.derby.impl.drda.DRDAProtocolException: Execution failed because of a Distributed Protocol Error:  DRDA_Proto_SYNTAXRM; CODPNT arg  = 0; Error Code Value = 3. Plaintext connection attempt from an SSL enabled client?
	at org.apache.derby.impl.drda.DRDAConnThread.throwSyntaxrm(DRDAConnThread.java:533)
	at org.apache.derby.impl.drda.DDMReader.readDssHeader(DDMReader.java:359)
	at org.apache.derby.impl.drda.DRDAConnThread.exchangeServerAttributes(DRDAConnThread.java:1176)
	at org.apache.derby.impl.drda.DRDAConnThread.sessionInitialState(DRDAConnThread.java:684)
	at org.apache.derby.impl.drda.DRDAConnThread.run(DRDAConnThread.java:288)
